[     235ms] [WARNING] Clerk: Clerk has been loaded with development keys. Development instances have strict usage limits and should not be used when deploying your application to production. Learn more: https://clerk.com/docs/deployments/overview @ http://localhost:3000/_next/static/chunks/node_modules_next_dist_f3530cac._.js:2297
[     240ms] [WARNING] Clerk: The prop "afterSignInUrl" is deprecated and should be replaced with the new "fallbackRedirectUrl" or "forceRedirectUrl" props instead. Learn more: https://clerk.com/docs/guides/custom-redirects#redirect-url-props @ http://localhost:3000/_next/static/chunks/node_modules_next_dist_f3530cac._.js:2297
[  157827ms] [ERROR] Failed to load resource: the server responded with a status of 404 (Not Found) @ http://localhost:3000/?_rsc=1ch6o:0
[  157927ms] [ERROR] Failed to load resource: the server responded with a status of 404 (Not Found) @ http://localhost:3000/?_rsc=1ch6o:0
[  158072ms] [ERROR] Failed to load resource: the server responded with a status of 404 (Not Found) @ http://localhost:3000/:0
[  158267ms] [WARNING] Clerk: Clerk has been loaded with development keys. Development instances have strict usage limits and should not be used when deploying your application to production. Learn more: https://clerk.com/docs/deployments/overview @ http://localhost:3000/_next/static/chunks/node_modules_next_dist_f3530cac._.js:2297
[  158267ms] [WARNING] Clerk: The prop "afterSignInUrl" is deprecated and should be replaced with the new "fallbackRedirectUrl" or "forceRedirectUrl" props instead. Learn more: https://clerk.com/docs/guides/custom-redirects#redirect-url-props @ http://localhost:3000/_next/static/chunks/node_modules_next_dist_f3530cac._.js:2297
[  158318ms] [ERROR] Failed to load resource: the server responded with a status of 404 (Not Found) @ http://localhost:3000/:0
[  185638ms] [ERROR] Failed to load resource: the server responded with a status of 404 (Not Found) @ http://localhost:3000/?_rsc=kw9md:0
[  185697ms] [ERROR] Failed to load resource: the server responded with a status of 404 (Not Found) @ http://localhost:3000/?_rsc=kw9md:0
[  185802ms] [ERROR] Failed to load resource: the server responded with a status of 404 (Not Found) @ http://localhost:3000/?_rsc=kw9md:0
[  185854ms] [ERROR] Failed to load resource: the server responded with a status of 404 (Not Found) @ http://localhost:3000/:0
[  186049ms] [WARNING] Clerk: Clerk has been loaded with development keys. Development instances have strict usage limits and should not be used when deploying your application to production. Learn more: https://clerk.com/docs/deployments/overview @ http://localhost:3000/_next/static/chunks/node_modules_next_dist_f3530cac._.js:2297
[  186049ms] [WARNING] Clerk: The prop "afterSignInUrl" is deprecated and should be replaced with the new "fallbackRedirectUrl" or "forceRedirectUrl" props instead. Learn more: https://clerk.com/docs/guides/custom-redirects#redirect-url-props @ http://localhost:3000/_next/static/chunks/node_modules_next_dist_f3530cac._.js:2297
[  186093ms] [ERROR] Failed to load resource: the server responded with a status of 404 (Not Found) @ http://localhost:3000/:0
[  192745ms] [ERROR] Failed to load resource: the server responded with a status of 404 (Not Found) @ http://localhost:3000/?_rsc=kw9md:0
[  192789ms] [ERROR] Failed to load resource: the server responded with a status of 404 (Not Found) @ http://localhost:3000/?_rsc=kw9md:0
[  192857ms] [ERROR] Failed to load resource: the server responded with a status of 404 (Not Found) @ http://localhost:3000/?_rsc=kw9md:0
[  192897ms] [ERROR] Failed to load resource: the server responded with a status of 404 (Not Found) @ http://localhost:3000/:0
[  193071ms] [WARNING] Clerk: Clerk has been loaded with development keys. Development instances have strict usage limits and should not be used when deploying your application to production. Learn more: https://clerk.com/docs/deployments/overview @ http://localhost:3000/_next/static/chunks/node_modules_next_dist_f3530cac._.js:2297
[  193072ms] [WARNING] Clerk: The prop "afterSignInUrl" is deprecated and should be replaced with the new "fallbackRedirectUrl" or "forceRedirectUrl" props instead. Learn more: https://clerk.com/docs/guides/custom-redirects#redirect-url-props @ http://localhost:3000/_next/static/chunks/node_modules_next_dist_f3530cac._.js:2297
[  193121ms] [ERROR] Failed to load resource: the server responded with a status of 404 (Not Found) @ http://localhost:3000/:0
